Determining if the pthread_create exist failed with the following output:
Change Dir: /home/bachelor20-group39/Documents/DATX02-Vehicle-Automation/Riskestimator/mybot_ws/build/CMakeFiles/CMakeTmp

Run Build Command:"/usr/bin/make" "cmTC_6b501/fast"
/usr/bin/make -f CMakeFiles/cmTC_6b501.dir/build.make CMakeFiles/cmTC_6b501.dir/build
make[1]: Entering directory '/home/bachelor20-group39/Documents/DATX02-Vehicle-Automation/Riskestimator/mybot_ws/build/CMakeFiles/CMakeTmp'
Building C object CMakeFiles/cmTC_6b501.dir/CheckSymbolExists.c.o
/usr/bin/cc     -o CMakeFiles/cmTC_6b501.dir/CheckSymbolExists.c.o   -c /home/bachelor20-group39/Documents/DATX02-Vehicle-Automation/Riskestimator/mybot_ws/build/CMakeFiles/CMakeTmp/CheckSymbolExists.c
Linking C executable cmTC_6b501
/usr/bin/cmake -E cmake_link_script CMakeFiles/cmTC_6b501.dir/link.txt --verbose=1
/usr/bin/cc       CMakeFiles/cmTC_6b501.dir/CheckSymbolExists.c.o  -o cmTC_6b501 -rdynamic 
CMakeFiles/cmTC_6b501.dir/CheckSymbolExists.c.o: In function `main':
CheckSymbolExists.c:(.text+0x16): undefined reference to `pthread_create'
collect2: error: ld returned 1 exit status
CMakeFiles/cmTC_6b501.dir/build.make:97: recipe for target 'cmTC_6b501' failed
make[1]: *** [cmTC_6b501] Error 1
make[1]: Leaving directory '/home/bachelor20-group39/Documents/DATX02-Vehicle-Automation/Riskestimator/mybot_ws/build/CMakeFiles/CMakeTmp'
Makefile:126: recipe for target 'cmTC_6b501/fast' failed
make: *** [cmTC_6b501/fast] Error 2

File /home/bachelor20-group39/Documents/DATX02-Vehicle-Automation/Riskestimator/mybot_ws/build/CMakeFiles/CMakeTmp/CheckSymbolExists.c:
/* */
#include <pthread.h>

int main(int argc, char** argv)
{
  (void)argv;
#ifndef pthread_create
  return ((int*)(&pthread_create))[argc];
#else
  (void)argc;
  return 0;
#endif
}

Determining if the function pthread_create exists in the pthreads failed with the following output:
Change Dir: /home/bachelor20-group39/Documents/DATX02-Vehicle-Automation/Riskestimator/mybot_ws/build/CMakeFiles/CMakeTmp

Run Build Command:"/usr/bin/make" "cmTC_623ce/fast"
/usr/bin/make -f CMakeFiles/cmTC_623ce.dir/build.make CMakeFiles/cmTC_623ce.dir/build
make[1]: Entering directory '/home/bachelor20-group39/Documents/DATX02-Vehicle-Automation/Riskestimator/mybot_ws/build/CMakeFiles/CMakeTmp'
Building C object CMakeFiles/cmTC_623ce.dir/CheckFunctionExists.c.o
/usr/bin/cc    -DCHECK_FUNCTION_EXISTS=pthread_create   -o CMakeFiles/cmTC_623ce.dir/CheckFunctionExists.c.o   -c /usr/share/cmake-3.5/Modules/CheckFunctionExists.c
Linking C executable cmTC_623ce
/usr/bin/cmake -E cmake_link_script CMakeFiles/cmTC_623ce.dir/link.txt --verbose=1
/usr/bin/cc   -DCHECK_FUNCTION_EXISTS=pthread_create    CMakeFiles/cmTC_623ce.dir/CheckFunctionExists.c.o  -o cmTC_623ce -rdynamic -lpthreads 
/usr/bin/ld: cannot find -lpthreads
collect2: error: ld returned 1 exit status
CMakeFiles/cmTC_623ce.dir/build.make:97: recipe for target 'cmTC_623ce' failed
make[1]: *** [cmTC_623ce] Error 1
make[1]: Leaving directory '/home/bachelor20-group39/Documents/DATX02-Vehicle-Automation/Riskestimator/mybot_ws/build/CMakeFiles/CMakeTmp'
Makefile:126: recipe for target 'cmTC_623ce/fast' failed
make: *** [cmTC_623ce/fast] Error 2


